# JRE version: OpenJDK Runtime Environment (9.0) (build 9-internal+0-2016-04-14-195246.buildd.src)
# Java VM: OpenJDK 64-Bit Server VM (9-internal+0-2016-04-14-195246.buildd.src, mixed mode, tiered, compressed oops, g1 gc, linux-amd64)
Heap:
 garbage-first heap   total 418816K, used 112640K [0x00000000e0c00000, 0x00000000e0d00cc8, 0x0000000100000000)
  region size 1024K, 3 young (3072K), 3 survivors (3072K)
 Metaspace       used 9401K, capacity 9546K, committed 9728K, reserved 1058816K
  class space    used 974K, capacity 1019K, committed 1024K, reserved 1048576K
GC Heap History (10 events):
Event: 1.908 GC heap after
{Heap after GC invocations=13 (full 0):
 garbage-first heap   total 250880K, used 47358K [0x00000000e0c00000, 0x00000000e0d007a8, 0x0000000100000000)
  region size 1024K, 4 young (4096K), 4 survivors (4096K)
 Metaspace       used 5556K, capacity 5726K, committed 5760K, reserved 1056768K
  class space    used 537K, capacity 606K, committed 640K, reserved 1048576K
}
Event: 2.008 GC heap before
{Heap before GC invocations=13 (full 0):
 garbage-first heap   total 250880K, used 86270K [0x00000000e0c00000, 0x00000000e0d007a8, 0x0000000100000000)
  region size 1024K, 39 young (39936K), 4 survivors (4096K)
 Metaspace       used 5556K, capacity 5726K, committed 5760K, reserved 1056768K
  class space    used 537K, capacity 606K, committed 640K, reserved 1048576K
}
Event: 2.134 GC heap after
{Heap after GC invocations=14 (full 0):
 garbage-first heap   total 355328K, used 56064K [0x00000000e0c00000, 0x00000000e0d00ad8, 0x0000000100000000)
  region size 1024K, 5 young (5120K), 5 survivors (5120K)
 Metaspace       used 5556K, capacity 5726K, committed 5760K, reserved 1056768K
  class space    used 537K, capacity 606K, committed 640K, reserved 1048576K
}
Event: 3.392 GC heap before
{Heap before GC invocations=14 (full 0):
 garbage-first heap   total 355328K, used 85760K [0x00000000e0c00000, 0x00000000e0d00ad8, 0x0000000100000000)
  region size 1024K, 31 young (31744K), 5 survivors (5120K)
 Metaspace       used 8009K, capacity 8258K, committed 8320K, reserved 1056768K
  class space    used 807K, capacity 891K, committed 896K, reserved 1048576K
}
Event: 3.476 GC heap after
{Heap after GC invocations=15 (full 0):
 garbage-first heap   total 355328K, used 75319K [0x00000000e0c00000, 0x00000000e0d00ad8, 0x0000000100000000)
  region size 1024K, 4 young (4096K), 4 survivors (4096K)
 Metaspace       used 8009K, capacity 8258K, committed 8320K, reserved 1056768K
  class space    used 807K, capacity 891K, committed 896K, reserved 1048576K
}
Event: 3.735 GC heap before
{Heap before GC invocations=15 (full 0):
 garbage-first heap   total 355328K, used 105015K [0x00000000e0c00000, 0x00000000e0d00ad8, 0x0000000100000000)
  region size 1024K, 32 young (32768K), 4 survivors (4096K)
 Metaspace       used 9397K, capacity 9546K, committed 9728K, reserved 1058816K
  class space    used 974K, capacity 1019K, committed 1024K, reserved 1048576K
}
Event: 3.787 GC heap after
{Heap after GC invocations=16 (full 0):
 garbage-first heap   total 355328K, used 90112K [0x00000000e0c00000, 0x00000000e0d00ad8, 0x0000000100000000)
  region size 1024K, 4 young (4096K), 4 survivors (4096K)
 Metaspace       used 9397K, capacity 9546K, committed 9728K, reserved 1058816K
  class space    used 974K, capacity 1019K, committed 1024K, reserved 1048576K
}
Event: 3.894 GC heap before
{Heap before GC invocations=16 (full 0):
 garbage-first heap   total 355328K, used 126976K [0x00000000e0c00000, 0x00000000e0d00ad8, 0x0000000100000000)
  region size 1024K, 38 young (38912K), 4 survivors (4096K)
 Metaspace       used 9401K, capacity 9546K, committed 9728K, reserved 1058816K
  class space    used 974K, capacity 1019K, committed 1024K, reserved 1048576K
}
Event: 4.155 GC heap after
{Heap after GC invocations=17 (full 0):
 garbage-first heap   total 355328K, used 108032K [0x00000000e0c00000, 0x00000000e0d00ad8, 0x0000000100000000)
  region size 1024K, 5 young (5120K), 5 survivors (5120K)
 Metaspace       used 9401K, capacity 9546K, committed 9728K, reserved 1058816K
  class space    used 974K, capacity 1019K, committed 1024K, reserved 1048576K
}
Event: 4.596 GC heap before
{Heap before GC invocations=17 (full 0):
 garbage-first heap   total 355328K, used 120320K [0x00000000e0c00000, 0x00000000e0d00ad8, 0x0000000100000000)
  region size 1024K, 17 young (17408K), 5 survivors (5120K)
 Metaspace       used 9401K, capacity 9546K, committed 9728K, reserved 1058816K
  class space    used 974K, capacity 1019K, committed 1024K, reserved 1048576K
}

